backcall==0.2.0
cycler==0.11.0
Cython==0.29.26
decorator==5.1.0
fonttools==4.28.5
ipython==7.30.1
jedi==0.18.1
joblib==1.1.0
kiwisolver==1.3.2
matplotlib==3.5.1
matplotlib-inline==0.1.3
numpy==1.18.0
packaging==21.3
pandas==1.3.5
parso==0.8.3
patsy==0.5.2
pexpect==4.8.0
pickleshare==0.7.5
Pillow==9.0.0
prompt-toolkit==3.0.24
ptyprocess==0.7.0
Pygments==2.11.1
pyparsing==3.0.6
python-dateutil==2.8.2
pytz==2021.3
qutip==4.6.2
scikit-learn==1.0.2
scipy==1.7.3
six==1.16.0
statsmodels==0.13.1
threadpoolctl==3.0.0
traitlets==5.1.1
urllib3==1.26.7
wcwidth==0.2.5
