certifi==2021.10.8
cffi==1.15.0
charset-normalizer==2.0.9
cryptography==36.0.1
cycler==0.11.0
dill==0.3.4
fonttools==4.28.5
idna==3.3
kiwisolver==1.3.2
matplotlib==3.5.1
mpmath==1.2.1
ntlm-auth==1.5.0
numpy==1.21.5
packaging==21.3
pbr==5.8.0
Pillow==8.4.0
ply==3.11
psutil==5.9.0
pycparser==2.21
pyparsing==3.0.6
python-constraint==1.4.0
python-dateutil==2.8.2
qiskit==0.34.0
qiskit-aer==0.10.1
qiskit-ibmq-provider==0.18.3
qiskit-ignis==0.7.0
qiskit-terra==0.19.1
requests==2.26.0
requests-ntlm==1.1.0
retworkx==0.10.2
scipy==1.7.3
six==1.16.0
stevedore==3.5.0
symengine==0.8.1
sympy==1.9
tweedledum==1.1.1
urllib3==1.26.7
websocket-client==1.2.3
